
> @arx/contracts@0.1.0 build /Users/denissergeev/work/arx-sc/packages/contracts
> forge build

Warning: This is a nightly build of Foundry. It is recommended to use the latest stable version. To mute this warning set `FOUNDRY_DISABLE_NIGHTLY_WARNING` in your environment. 

No files changed, compilation skipped
note[unused-import]: unused imports should be removed
 --> script/DeployZap.s.sol:5:44
  |
5 | import {ArxZapRouter, IWETH9, ISwapRouter, IArxTokenSale} from "../src/ArxZapRouter.sol";
  |                                            ^^^^^^^^^^^^^
  |
  = help: https://book.getfoundry.sh/reference/forge/forge-lint#unused-import

note[mixed-case-variable]: mutable variables should use mixedCase
  --> src/ArxTokenSale.sol:14:20
   |
14 |     uint256 public priceUSDC; // 6 decimals price per 1 ARX (1e18)
   |                    ^^^^^^^^^
   |
   = help: https://book.getfoundry.sh/reference/forge/forge-lint#mixed-case-variable

note[mixed-case-function]: function names should use mixedCase
  --> src/ArxZapRouter.sol:11:14
   |
11 |     function USDC() external view returns (IERC20);
   |              ^^^^
   |
   = help: https://book.getfoundry.sh/reference/forge/forge-lint#mixed-case-function

note[mixed-case-variable]: mutable variables should use mixedCase
  --> src/ArxTokenSale.sol:19:28
   |
19 |     event PriceSet(uint256 priceUSDC);
   |                            ^^^^^^^^^
   |
   = help: https://book.getfoundry.sh/reference/forge/forge-lint#mixed-case-variable

note[mixed-case-variable]: mutable variables should use mixedCase
  --> src/ArxTokenSale.sol:27:81
   |
27 |     constructor(address _owner, IERC20 _usdc, IARX _arx, address _silo, uint256 _priceUSDC)
   |                                                                                 ^^^^^^^^^^
   |
   = help: https://book.getfoundry.sh/reference/forge/forge-lint#mixed-case-variable

note[mixed-case-function]: function names should use mixedCase
  --> src/ArxTokenSale.sol:42:14
   |
42 |     function setPriceUSDC(uint256 _priceUSDC) external onlyOwner {
   |              ^^^^^^^^^^^^
   |
   = help: https://book.getfoundry.sh/reference/forge/forge-lint#mixed-case-function

note[mixed-case-variable]: mutable variables should use mixedCase
  --> src/ArxTokenSale.sol:42:35
   |
42 |     function setPriceUSDC(uint256 _priceUSDC) external onlyOwner {
   |                                   ^^^^^^^^^^
   |
   = help: https://book.getfoundry.sh/reference/forge/forge-lint#mixed-case-variable

note[mixed-case-function]: function names should use mixedCase
  --> src/ArxTokenSale.sol:59:14
   |
59 |     function buyWithUSDC(uint256 usdcAmount) external nonReentrant {
   |              ^^^^^^^^^^^
   |
   = help: https://book.getfoundry.sh/reference/forge/forge-lint#mixed-case-function

note[mixed-case-function]: function names should use mixedCase
  --> test/ArxZapRouter.t.sol:99:14
   |
99 |     function USDC() external view returns (IERC20) {
   |              ^^^^
   |
   = help: https://book.getfoundry.sh/reference/forge/forge-lint#mixed-case-function

note[screaming-snake-case-immutable]: immutables should use SCREAMING_SNAKE_CASE
  --> src/ArxZapRouter.sol:39:34
   |
39 |     ISwapRouter public immutable swapRouter;
   |                                  ^^^^^^^^^^
   |
   = help: https://book.getfoundry.sh/reference/forge/forge-lint#screaming-snake-case-immutable

note[mixed-case-function]: function names should use mixedCase
   --> src/ArxZapRouter.sol:101:14
    |
101 |     function zapETHAndBuy(
    |              ^^^^^^^^^^^^
    |
    = help: https://book.getfoundry.sh/reference/forge/forge-lint#mixed-case-function

note[mixed-case-variable]: mutable variables should use mixedCase
   --> src/ArxZapRouter.sol:102:24
    |
102 |         bytes calldata pathFromWETH,
    |                        ^^^^^^^^^^^^
    |
    = help: https://book.getfoundry.sh/reference/forge/forge-lint#mixed-case-variable

